<?xml version="1.0" encoding="UTF-8"?>
<!-- Generated by org.testng.reporters.JUnitReportReporter -->
<testsuite hostname="DESKTOP-KLNTJHG" failures="0" tests="1" name="runner.TestRunner" time="29.049" errors="0" timestamp="2025-06-23T15:44:54 IST" skipped="0">
  <testcase classname="runner.TestRunner" name="runScenario" time="29.049"/>
  <system-out/>
</testsuite> <!-- runner.TestRunner -->
